#
# A fatal error has been detected by the Java Runtime Environment:
#
#  EXCEPTION_ACCESS_VIOLATION (0xc0000005) at pc=0x00007ff93aea55a3, pid=18568, tid=24264
#
# JRE version:  (11.0.16+11) (build )
# Java VM: Java HotSpot(TM) 64-Bit Server VM (11.0.16+11-LTS-199, mixed mode, sharing, tiered, compressed oops, g1 gc, windows-amd64)
# Problematic frame:
# V  [jvm.dll+0x1c55a3]
#
# No core dump will be written. Minidumps are not enabled by default on client versions of Windows
#
#

---------------  S U M M A R Y ------------

Command Line: -Dmaven.multiModuleProjectDirectory=C:\temp\API-test -Dmaven.home=C:\Users\Echo\.m2\wrapper\dists\apache-maven-3.8.6-bin\1ks0nkde5v1pk9vtc31i9d0lcd\apache-maven-3.8.6 -Dclassworlds.conf=C:\Users\Echo\.m2\wrapper\dists\apache-maven-3.8.6-bin\1ks0nkde5v1pk9vtc31i9d0lcd\apache-maven-3.8.6\bin\m2.conf -Dmaven.ext.class.path=C:\Program Files\JetBrains\IntelliJ IDEA Community Edition 2022.2\plugins\maven\lib\maven-event-listener.jar -javaagent:C:\Program Files\JetBrains\IntelliJ IDEA Community Edition 2022.2\lib\idea_rt.jar=50811:C:\Program Files\JetBrains\IntelliJ IDEA Community Edition 2022.2\bin -Dfile.encoding=UTF-8 org.codehaus.classworlds.Launcher -Didea.version=2022.2 package

Host: 11th Gen Intel(R) Core(TM) i7-11370H @ 3.30GHz, 8 cores, 15G,  Windows 10 , 64 bit Build 19041 (10.0.19041.1889)
Time: Fri Aug 26 09:57:51 2022  Windows 10 , 64 bit Build 19041 (10.0.19041.1889) elapsed time: 0.049620 seconds (0d 0h 0m 0s)

---------------  T H R E A D  ---------------

Current thread (0x000001a7b2b5b800):  JavaThread "Unknown thread" [_thread_in_vm, id=24264, stack(0x0000006179200000,0x0000006179300000)]

Stack: [0x0000006179200000,0x0000006179300000],  sp=0x00000061792fef20,  free space=1019k
Native frames: (J=compiled Java code, j=interpreted, Vv=VM code, C=native code)
V  [jvm.dll+0x1c55a3]
V  [jvm.dll+0x1c37b3]
V  [jvm.dll+0x346edb]
V  [jvm.dll+0x723f90]
V  [jvm.dll+0x3b5adf]
V  [jvm.dll+0x3b7bf1]
C  [jli.dll+0x5207]
C  [ucrtbase.dll+0x21bb2]
C  [KERNEL32.DLL+0x17034]
C  [ntdll.dll+0x52651]


siginfo: EXCEPTION_ACCESS_VIOLATION (0xc0000005), reading address 0x0000000000000000


Registers:
RAX=0x0000ee03d05a192d, RBX=0x0000000000000000, RCX=0x0000000000000000, RDX=0x0000000000000000
RSP=0x00000061792fef20, RBP=0x0000000000000000, RSI=0x000001a7b2b5b800, RDI=0x0000000000000000
R8 =0x0000000000000000, R9 =0x0000000000000000, R10=0x0000000000000000, R11=0x00000061792fecd0
R12=0x0000000000000000, R13=0x00007ff93b2b7420, R14=0x000001a7b09afb18, R15=0x00000061792ffc68
RIP=0x00007ff93aea55a3, EFLAGS=0x0000000000010256

Top of Stack: (sp=0x00000061792fef20)
0x00000061792fef20:   000001a7b09c04e0 00007ff96fa43330
0x00000061792fef30:   00000061792ffc68 000001a7b09afb18
0x00000061792fef40:   0000000000000000 00000061792ff440
0x00000061792fef50:   0000e19fb5e504f9 00007ff93b2b7420
0x00000061792fef60:   0000000000000400 00000061792ffc68
0x00000061792fef70:   000001a7b09afb18 00007ff93b2b7420
0x00000061792fef80:   0000000000000000 00007ff947500000
0x00000061792fef90:   00007ff93b52c890 0000000000000000
0x00000061792fefa0:   00007ff93aea365a 00007ff96fa153dc
0x00000061792fefb0:   0000000000000000 00007ff93b3306f3
0x00000061792fefc0:   0000ee03d05a192d 000001a7b09afb18
0x00000061792fefd0:   00007ff900000000 00007ff93b2b7420
0x00000061792fefe0:   000001a7b2b5b800 00000061792ff100
0x00000061792feff0:   0000000000000000 00007ff93aea37b3
0x00000061792ff000:   00007ff9476e0000 00007ff94750d0d8
0x00000061792ff010:   00000061792ff100 000001a7b2b5b800 

Instructions: (pc=0x00007ff93aea55a3)
0x00007ff93aea5583:   00 48 33 c4 48 89 84 24 a0 00 00 00 48 8b e9 48
0x00007ff93aea5593:   c7 c3 ff ff ff ff 0f 1f 80 00 00 00 00 48 ff c3
0x00007ff93aea55a3:   80 3c 0b 00 75 f7 33 f6 c6 44 24 30 01 40 38 35
0x00007ff93aea55b3:   bf 06 88 00 74 17 40 38 35 10 6d 87 00 75 0e 33 



---------------  P R O C E S S  ---------------

Threads class SMR info:
_java_thread_list=0x000001a7b09af800, length=0, elements={
}

Java Threads: ( => current thread )

Other Threads:

=>0x000001a7b2b5b800 (exited) JavaThread "Unknown thread" [_thread_in_vm, id=24264, stack(0x0000006179200000,0x0000006179300000)]

Threads with active compile tasks:

VM state:not at safepoint (not fully initialized)

VM Mutex/Monitor currently owned by a thread: None


[error occurred during error reporting (printing compressed oops mode), id 0xc0000005, EXCEPTION_ACCESS_VIOLATION (0xc0000005) at pc=0x00007ff93b41f637]

Deoptimization events (0 events):
No events

Classes redefined (0 events):
No events

Internal exceptions (0 events):
No events

Events (0 events):
No events


Dynamic libraries:
0x00007ff7520a0000 - 0x00007ff7520af000 	C:\Program Files\Java\jdk-11.0.16\bin\java.exe
0x00007ff971e90000 - 0x00007ff972088000 	C:\Windows\SYSTEM32\ntdll.dll
0x00007ff96ff80000 - 0x00007ff97003d000 	C:\Windows\System32\KERNEL32.DLL
0x00007ff96fa10000 - 0x00007ff96fcde000 	C:\Windows\System32\KERNELBASE.dll
0x00000000712c0000 - 0x0000000071372000 	C:\ProgramData\Symantec\Symantec Endpoint Protection\14.3.7388.4000.105\Data\Sysfer\x64\sysfer.dll
0x00007ff96f880000 - 0x00007ff96f980000 	C:\Windows\System32\ucrtbase.dll
0x00007ff963a50000 - 0x00007ff963a65000 	C:\Program Files\Java\jdk-11.0.16\bin\VCRUNTIME140.dll
0x00007ff963a90000 - 0x00007ff963aa8000 	C:\Program Files\Java\jdk-11.0.16\bin\jli.dll
0x00007ff971c40000 - 0x00007ff971cee000 	C:\Windows\System32\ADVAPI32.dll
0x00007ff971680000 - 0x00007ff97171e000 	C:\Windows\System32\msvcrt.dll
0x00007ff970390000 - 0x00007ff97042c000 	C:\Windows\System32\sechost.dll
0x00007ff970260000 - 0x00007ff970385000 	C:\Windows\System32\RPCRT4.dll
0x00007ff970440000 - 0x00007ff9705e0000 	C:\Windows\System32\USER32.dll
0x00007ff96f850000 - 0x00007ff96f872000 	C:\Windows\System32\win32u.dll
0x00007ff971720000 - 0x00007ff97174a000 	C:\Windows\System32\GDI32.dll
0x00007ff961490000 - 0x00007ff96172a000 	C:\Windows\WinSxS\amd64_microsoft.windows.common-controls_6595b64144ccf1df_6.0.19041.1110_none_60b5254171f9507e\COMCTL32.dll
0x00007ff96f710000 - 0x00007ff96f81b000 	C:\Windows\System32\gdi32full.dll
0x00007ff96fce0000 - 0x00007ff96fd7d000 	C:\Windows\System32\msvcp_win.dll
0x00007ff964b80000 - 0x00007ff964b8a000 	C:\Windows\SYSTEM32\VERSION.dll
0x00007ff970430000 - 0x00007ff970438000 	C:\Windows\System32\psapi.dll
0x00007ff96fef0000 - 0x00007ff96ff20000 	C:\Windows\System32\IMM32.DLL
0x00007ff9472a0000 - 0x00007ff94733b000 	C:\Program Files\Java\jdk-11.0.16\bin\msvcp140.dll
0x00007ff93ace0000 - 0x00007ff93b7f8000 	C:\Program Files\Java\jdk-11.0.16\bin\server\jvm.dll
0x00007ff946550000 - 0x00007ff946559000 	C:\Windows\SYSTEM32\WSOCK32.dll
0x00007ff971610000 - 0x00007ff97167b000 	C:\Windows\System32\WS2_32.dll
0x00007ff957700000 - 0x00007ff957727000 	C:\Windows\SYSTEM32\WINMM.dll
0x00007ff96e0e0000 - 0x00007ff96e0f2000 	C:\Windows\SYSTEM32\kernel.appcore.dll
0x00007ff963b60000 - 0x00007ff963b70000 	C:\Program Files\Java\jdk-11.0.16\bin\verify.dll
0x00007ff96d480000 - 0x00007ff96d664000 	C:\Windows\SYSTEM32\DBGHELP.DLL
0x00007ff95a570000 - 0x00007ff95a59c000 	C:\Windows\SYSTEM32\dbgcore.DLL
0x00007ff96f980000 - 0x00007ff96fa02000 	C:\Windows\System32\bcryptPrimitives.dll
0x00007ff947500000 - 0x00007ff947528000 	C:\Program Files\Java\jdk-11.0.16\bin\java.dll
0x00007ff963a30000 - 0x00007ff963a3a000 	C:\Program Files\Java\jdk-11.0.16\bin\jimage.dll
0x00007ff95a5a0000 - 0x00007ff95a5ae000 	C:\Program Files\Java\jdk-11.0.16\bin\instrument.dll
0x00007ff9476e0000 - 0x00007ff9476f6000 	C:\Program Files\Java\jdk-11.0.16\bin\zip.dll

dbghelp: loaded successfully - version: 4.0.5 - missing functions: none
symbol engine: initialized successfully - sym options: 0x614 - pdb path: .;C:\Program Files\Java\jdk-11.0.16\bin;C:\Windows\SYSTEM32;C:\ProgramData\Symantec\Symantec Endpoint Protection\14.3.7388.4000.105\Data\Sysfer\x64;C:\Windows\WinSxS\amd64_microsoft.windows.common-controls_6595b64144ccf1df_6.0.19041.1110_none_60b5254171f9507e;C:\Program Files\Java\jdk-11.0.16\bin\server

VM Arguments:
jvm_args: -Dmaven.multiModuleProjectDirectory=C:\temp\API-test -Dmaven.home=C:\Users\Echo\.m2\wrapper\dists\apache-maven-3.8.6-bin\1ks0nkde5v1pk9vtc31i9d0lcd\apache-maven-3.8.6 -Dclassworlds.conf=C:\Users\Echo\.m2\wrapper\dists\apache-maven-3.8.6-bin\1ks0nkde5v1pk9vtc31i9d0lcd\apache-maven-3.8.6\bin\m2.conf -Dmaven.ext.class.path=C:\Program Files\JetBrains\IntelliJ IDEA Community Edition 2022.2\plugins\maven\lib\maven-event-listener.jar -javaagent:C:\Program Files\JetBrains\IntelliJ IDEA Community Edition 2022.2\lib\idea_rt.jar=50811:C:\Program Files\JetBrains\IntelliJ IDEA Community Edition 2022.2\bin -Dfile.encoding=UTF-8 
java_command: org.codehaus.classworlds.Launcher -Didea.version=2022.2 package
java_class_path (initial): C:\Users\Echo\.m2\wrapper\dists\apache-maven-3.8.6-bin\1ks0nkde5v1pk9vtc31i9d0lcd\apache-maven-3.8.6\boot\plexus-classworlds-2.6.0.jar;C:\Users\Echo\.m2\wrapper\dists\apache-maven-3.8.6-bin\1ks0nkde5v1pk9vtc31i9d0lcd\apache-maven-3.8.6\boot\plexus-classworlds.license
Launcher Type: SUN_STANDARD

[Global flags]
     uint G1ConcRefinementThreads                  = 8                                         {product} {ergonomic}
    uintx GCDrainStackTargetSize                   = 64                                        {product} {ergonomic}
   size_t InitialHeapSize                          = 264885120                                 {product} {ergonomic}
   size_t MaxHeapSize                              = 4238161920                                {product} {ergonomic}
    uintx ReservedCodeCacheSize                    = 251658240                              {pd product} {ergonomic}
     bool SegmentedCodeCache                       = true                                      {product} {ergonomic}
     bool UseCompressedClassPointers               = true                                 {lp64_product} {ergonomic}
     bool UseCompressedOops                        = true                                 {lp64_product} {ergonomic}
     bool UseG1GC                                  = true                                      {product} {ergonomic}
     bool UseLargePagesIndividualAllocation        = false                                  {pd product} {ergonomic}

Logging:
Log output configuration:
 #0: stdout all=warning uptime,level,tags
 #1: stderr all=off uptime,level,tags

Environment Variables:
JAVA_HOME=C:\Program Files\Java\jdk-11.0.16
CLASSPATH=C:\Program Files\Java\jdk-11.0.16\lib\dt.jar;C:\Program Files\Java\jdk-11.0.16\lib\tools.jar
PATH=C:\Program Files\Common Files\Oracle\Java\javapath;C:\ProgramData\Oracle\Java\javapath;C:\Program Files\Java\jdk-11.0.16\bin;C:\Windows\system32;C:\Windows;C:\Windows\System32\Wbem;C:\Windows\System32\WindowsPowerShell\v1.0\;C:\Windows\System32\OpenSSH\;C:\Program Files\Microsoft SQL Server\150\Tools\Binn\;C:\Program Files\Microsoft SQL Server\Client SDK\ODBC\170\Tools\Binn\;C:\Program Files\dotnet\;C:\Program Files (x86)\Microsoft SQL Server\150\DTS\Binn\;C:\Program Files\Azure Data Studio\bin;C:\Program Files (x86)\Microsoft SQL Server\150\Tools\Binn\;C:\Program Files\Microsoft SQL Server\150\DTS\Binn\;C:\Program Files\nodejs\;C:\Program Files\Git\cmd;C:\Users\Echo\AppData\Local\Microsoft\WindowsApps;C:\Users\Echo\.dotnet\tools;C:\Program Files\Azure Data Studio\bin;C:\Users\Echo\AppData\Local\Programs\Microsoft VS Code\bin;C:\Users\Echo\AppData\Roaming\npm
USERNAME=Echo
OS=Windows_NT
PROCESSOR_IDENTIFIER=Intel64 Family 6 Model 140 Stepping 1, GenuineIntel



---------------  S Y S T E M  ---------------

OS: Windows 10 , 64 bit Build 19041 (10.0.19041.1889)

CPU:total 8 (initial active 8) 

Memory: 4k page, system-wide physical 16167M (4927M free)
TotalPageFile size 25895M (AvailPageFile size 10463M)
current process WorkingSet (physical memory assigned to process): 9M, peak: 9M
current process commit charge ("private bytes"): 3M, peak: 3M

vm_info: Java HotSpot(TM) 64-Bit Server VM (11.0.16+11-LTS-199) for windows-amd64 JRE (11.0.16+11-LTS-199), built on Jun 28 2022 08:23:17 by "mach5one" with MS VC++ 15.9 (VS2017)

END.
